<?xml version="1.0" encoding="UTF-8"?>
<testng-results ignored="1" total="2" passed="0" failed="1" skipped="0">
  <reporter-output>
  </reporter-output>
  <suite started-at="2022-11-07T18:16:46 IST" name="Failed suite [Failed suite [Failed suite [RegresionTest]]]" finished-at="2022-11-07T18:16:57 IST" duration-ms="11413">
    <groups>
    </groups>
    <test started-at="2022-11-07T18:16:46 IST" name="ChromeTest(failed)(failed)(failed)" finished-at="2022-11-07T18:16:57 IST" duration-ms="11413">
      <class name="TestNG.VerifyOnlineTicketsBooking">
        <test-method is-config="true" signature="launchBrowser(java.lang.String)[pri:0, instance:TestNG.VerifyOnlineTicketsBooking@351d00c0]" started-at="2022-11-07T18:16:46 IST" name="launchBrowser" finished-at="2022-11-07T18:16:48 IST" duration-ms="2276" status="PASS">
          <params>
            <param index="0">
              <value>
                <![CDATA[Chrome]]>
              </value>
            </param>
          </params>
          <reporter-output>
          </reporter-output>
        </test-method> <!-- launchBrowser -->
        <test-method is-config="true" signature="createPOMObjects()[pri:0, instance:TestNG.VerifyOnlineTicketsBooking@351d00c0]" started-at="2022-11-07T18:16:48 IST" name="createPOMObjects" finished-at="2022-11-07T18:16:48 IST" duration-ms="83" status="PASS">
          <reporter-output>
          </reporter-output>
        </test-method> <!-- createPOMObjects -->
        <test-method is-config="true" signature="openTicketsBookingOption()[pri:0, instance:TestNG.VerifyOnlineTicketsBooking@351d00c0]" started-at="2022-11-07T18:16:48 IST" name="openTicketsBookingOption" finished-at="2022-11-07T18:16:56 IST" duration-ms="7971" status="PASS">
          <reporter-output>
          </reporter-output>
        </test-method> <!-- openTicketsBookingOption -->
        <test-method signature="verifyPNRStatus()[pri:2, instance:TestNG.VerifyOnlineTicketsBooking@351d00c0]" started-at="2022-11-07T18:16:56 IST" name="verifyPNRStatus" finished-at="2022-11-07T18:16:56 IST" duration-ms="273" status="FAIL">
          <exception class="org.openqa.selenium.ElementNotInteractableException">
            <message>
              <![CDATA[element not interactable: https://paytm.com/train-tickets has no size and location
  (Session info: chrome=107.0.5304.88)
Build info: version: '3.141.59', revision: 'e82be7d358', time: '2018-11-14T08:17:03'
System info: host: 'DESKTOP-4VV88DL', ip: '172.20.10.7', os.name: 'Windows 10', os.arch: 'amd64', os.version: '10.0', java.version: '18.0.1.1'
Driver info: org.openqa.selenium.chrome.ChromeDriver
Capabilities {acceptInsecureCerts: false, browserName: chrome, browserVersion: 107.0.5304.88, chrome: {chromedriverVersion: 106.0.5249.61 (511755355844..., userDataDir: C:\Users\dell\AppData\Local...}, goog:chromeOptions: {debuggerAddress: localhost:57721}, javascriptEnabled: true, networkConnectionEnabled: false, pageLoadStrategy: normal, platform: WINDOWS, platformName: WINDOWS, proxy: Proxy(), setWindowRect: true, strictFileInteractability: false, timeouts: {implicit: 0, pageLoad: 300000, script: 30000}, unhandledPromptBehavior: dismiss and notify, webauthn:extension:credBlob: true, webauthn:extension:largeBlob: true, webauthn:virtualAuthenticators: true}
Session ID: 744405d4313c5eedc7669f30f925845a]]>
            </message>
            <full-stacktrace>
              <![CDATA[org.openqa.selenium.ElementNotInteractableException: element not interactable: https://paytm.com/train-tickets has no size and location
  (Session info: chrome=107.0.5304.88)
Build info: version: '3.141.59', revision: 'e82be7d358', time: '2018-11-14T08:17:03'
System info: host: 'DESKTOP-4VV88DL', ip: '172.20.10.7', os.name: 'Windows 10', os.arch: 'amd64', os.version: '10.0', java.version: '18.0.1.1'
Driver info: org.openqa.selenium.chrome.ChromeDriver
Capabilities {acceptInsecureCerts: false, browserName: chrome, browserVersion: 107.0.5304.88, chrome: {chromedriverVersion: 106.0.5249.61 (511755355844..., userDataDir: C:\Users\dell\AppData\Local...}, goog:chromeOptions: {debuggerAddress: localhost:57721}, javascriptEnabled: true, networkConnectionEnabled: false, pageLoadStrategy: normal, platform: WINDOWS, platformName: WINDOWS, proxy: Proxy(), setWindowRect: true, strictFileInteractability: false, timeouts: {implicit: 0, pageLoad: 300000, script: 30000}, unhandledPromptBehavior: dismiss and notify, webauthn:extension:credBlob: true, webauthn:extension:largeBlob: true, webauthn:virtualAuthenticators: true}
Session ID: 744405d4313c5eedc7669f30f925845a
at java.base/jdk.internal.reflect.DirectConstructorHandleAccessor.newInstance(DirectConstructorHandleAccessor.java:67)
at java.base/java.lang.reflect.Constructor.newInstanceWithCaller(Constructor.java:499)
at java.base/java.lang.reflect.Constructor.newInstance(Constructor.java:483)
at org.openqa.selenium.remote.http.W3CHttpResponseCodec.createException(W3CHttpResponseCodec.java:187)
at org.openqa.selenium.remote.http.W3CHttpResponseCodec.decode(W3CHttpResponseCodec.java:122)
at org.openqa.selenium.remote.http.W3CHttpResponseCodec.decode(W3CHttpResponseCodec.java:49)
at org.openqa.selenium.remote.HttpCommandExecutor.execute(HttpCommandExecutor.java:158)
at org.openqa.selenium.remote.service.DriverCommandExecutor.execute(DriverCommandExecutor.java:83)
at org.openqa.selenium.remote.RemoteWebDriver.execute(RemoteWebDriver.java:552)
at org.openqa.selenium.remote.RemoteWebDriver.perform(RemoteWebDriver.java:618)
at org.openqa.selenium.interactions.Actions$BuiltAction.perform(Actions.java:639)
at pages.HomePage.clickOnTrainTickets(HomePage.java:83)
at TestNG.VerifyOnlineTicketsBooking.verifyPNRStatus(VerifyOnlineTicketsBooking.java:107)
at java.base/jdk.internal.reflect.DirectMethodHandleAccessor.invoke(DirectMethodHandleAccessor.java:104)
at java.base/java.lang.reflect.Method.invoke(Method.java:577)
at org.testng.internal.MethodInvocationHelper.invokeMethod(MethodInvocationHelper.java:133)
at org.testng.internal.TestInvoker.invokeMethod(TestInvoker.java:598)
at org.testng.internal.TestInvoker.invokeTestMethod(TestInvoker.java:173)
at org.testng.internal.MethodRunner.runInSequence(MethodRunner.java:46)
at org.testng.internal.TestInvoker$MethodInvocationAgent.invoke(TestInvoker.java:824)
at org.testng.internal.TestInvoker.invokeTestMethods(TestInvoker.java:146)
at org.testng.internal.TestMethodWorker.invokeTestMethods(TestMethodWorker.java:146)
at org.testng.internal.TestMethodWorker.run(TestMethodWorker.java:128)
at java.base/java.util.concurrent.ThreadPoolExecutor.runWorker(ThreadPoolExecutor.java:1136)
at java.base/java.util.concurrent.ThreadPoolExecutor$Worker.run(ThreadPoolExecutor.java:635)
at java.base/java.lang.Thread.run(Thread.java:833)
]]>
            </full-stacktrace>
          </exception> <!-- org.openqa.selenium.ElementNotInteractableException -->
          <reporter-output>
          </reporter-output>
        </test-method> <!-- verifyPNRStatus -->
        <test-method is-config="true" signature="logoutFromApplication(org.testng.ITestResult)[pri:0, instance:TestNG.VerifyOnlineTicketsBooking@351d00c0]" started-at="2022-11-07T18:16:56 IST" name="logoutFromApplication" finished-at="2022-11-07T18:16:57 IST" duration-ms="445" status="PASS">
          <params>
            <param index="0">
              <value>
                <![CDATA[[TestResult name=verifyPNRStatus status=FAILURE method=VerifyOnlineTicketsBooking.verifyPNRStatus()[pri:2, instance:TestNG.VerifyOnlineTicketsBooking@351d00c0] output={null}]]]>
              </value>
            </param>
          </params>
          <reporter-output>
          </reporter-output>
        </test-method> <!-- logoutFromApplication -->
        <test-method is-config="true" signature="clearObjects()[pri:0, instance:TestNG.VerifyOnlineTicketsBooking@351d00c0]" started-at="2022-11-07T18:16:57 IST" name="clearObjects" finished-at="2022-11-07T18:16:57 IST" duration-ms="1" status="PASS">
          <reporter-output>
          </reporter-output>
        </test-method> <!-- clearObjects -->
        <test-method is-config="true" signature="closeBrowser()[pri:0, instance:TestNG.VerifyOnlineTicketsBooking@351d00c0]" started-at="2022-11-07T18:16:57 IST" name="closeBrowser" finished-at="2022-11-07T18:16:57 IST" duration-ms="267" status="PASS">
          <reporter-output>
          </reporter-output>
        </test-method> <!-- closeBrowser -->
      </class> <!-- TestNG.VerifyOnlineTicketsBooking -->
    </test> <!-- ChromeTest(failed)(failed)(failed) -->
  </suite> <!-- Failed suite [Failed suite [Failed suite [RegresionTest]]] -->
</testng-results>
