<?xml version="1.0" encoding="UTF-8"?>
<!-- Generated by org.testng.reporters.JUnitXMLReporter -->
<testsuite ignored="1" hostname="DESKTOP-4VV88DL" failures="0" tests="1" name="EdgeTest(failed)" time="32.823" errors="0" timestamp="2022-11-07T18:15:59 IST">
  <testcase classname="TestNG.VerifyOnlineTicketsBooking" name="verifyPNRStatus" time="13.337"/>
  <testcase classname="TestNG.VerifyOnlineTicketsBooking" name="verifyBusTicketsBooking" time="0.0">
    <ignored/>
  </testcase> <!-- verifyBusTicketsBooking -->
</testsuite> <!-- EdgeTest(failed) -->
